<?xml version="1.0" encoding="utf-8"?><testsuites name="pytest tests"><testsuite name="pytest" errors="0" failures="0" skipped="0" tests="8" time="2.433" timestamp="2026-05-27T15:56:14.646959+00:00" hostname="agent-env-3c9d50ef-ce1c-406a-adcc-8780c59e495a"><testcase classname="backend.tests.test_saveflex_api.TestHealth" name="test_health" time="0.279" /><testcase classname="backend.tests.test_saveflex_api.TestPlatforms" name="test_platforms_list" time="0.152" /><testcase classname="backend.tests.test_saveflex_api.TestDownloadX" name="test_download_x_returns_structured_response" time="0.373" /><testcase classname="backend.tests.test_saveflex_api.TestDownloadX" name="test_download_invalid_url" time="0.121" /><testcase classname="backend.tests.test_saveflex_api.TestDownloadX" name="test_download_empty_url" time="0.110" /><testcase classname="backend.tests.test_saveflex_api.TestProxyDownload" name="test_proxy_download_returns_attachment" time="0.448" /><testcase classname="backend.tests.test_saveflex_api.TestProxyDownload" name="test_proxy_download_filename_sanitization" time="0.420" /><testcase classname="backend.tests.test_saveflex_api.TestProxyDownload" name="test_proxy_download_empty_filename_defaults" time="0.425" /></testsuite></testsuites>